Start testing: Dec 10 12:20 CET
----------------------------------------------------------
1/1 Testing: CommonPthreadError
1/1 Test: CommonPthreadError
Command: "/usr/bin/perl" "/home/hugo/Docs/Phelma/2A_SEOC/tp-sepc/TP3_Thread/tests/pthcocci.pl"
Directory: /home/hugo/Docs/Phelma/2A_SEOC/tp-sepc/TP3_Thread/build
"CommonPthreadError" start time: Dec 10 12:20 CET
Output:
----------------------------------------------------------
<end of output>
Test time =   0.23 sec
----------------------------------------------------------
Test Passed.
"CommonPthreadError" end time: Dec 10 12:20 CET
"CommonPthreadError" time elapsed: 00:00:00
----------------------------------------------------------

End testing: Dec 10 12:20 CET
